2017-07-21 08:36:28,815 [INFO] from play.core.server.NettyServer in pool-6-thread-6 - Listening for HTTP on /0:0:0:0:0:0:0:0:9000
2017-07-21 08:36:36,205 [INFO] from application in ForkJoinPool-1-worker-1 - Creating Pool for datasource 'default'
2017-07-21 08:36:36,396 [INFO] from play.api.db.DefaultDBApi in ForkJoinPool-1-worker-1 - Database [default] connected at jdbc:h2:mem:play
2017-07-21 08:36:42,112 [WARN] from com.avaje.ebeaninternal.server.ddl.CreateTableVisitor in ForkJoinPool-1-worker-1 - Column name [day] is a suspected SQL reserved word for property models.Day.day
2017-07-21 08:36:42,113 [WARN] from com.avaje.ebeaninternal.server.ddl.CreateTableVisitor in ForkJoinPool-1-worker-1 - Column name [date] is a suspected SQL reserved word for property models.Reservation.date
2017-07-21 08:36:42,520 [ERROR] from application in netty-event-loop-3 - 

! @74ljg144d - Internal server error, for (GET) [/] ->
 
play.api.db.evolutions.InvalidDatabaseRevision: Database 'default' needs evolution![An SQL script need to be run on your database.]
	at play.api.db.evolutions.ApplicationEvolutions$$anonfun$play$api$db$evolutions$ApplicationEvolutions$$runEvolutions$1.apply$mcV$sp(ApplicationEvolutions.scala:76)
	at play.api.db.evolutions.ApplicationEvolutions.withLock(ApplicationEvolutions.scala:98)
	at play.api.db.evolutions.ApplicationEvolutions.play$api$db$evolutions$ApplicationEvolutions$$runEvolutions(ApplicationEvolutions.scala:49)
	at play.api.db.evolutions.ApplicationEvolutions$$anonfun$start$1.apply(ApplicationEvolutions.scala:42)
	at play.api.db.evolutions.ApplicationEvolutions$$anonfun$start$1.apply(ApplicationEvolutions.scala:42)
	at scala.collection.immutable.List.foreach(List.scala:381)
	at play.api.db.evolutions.ApplicationEvolutions.start(ApplicationEvolutions.scala:42)
	at play.api.db.evolutions.ApplicationEvolutions.<init>(ApplicationEvolutions.scala:149)
	at play.api.db.evolutions.ApplicationEvolutionsProvider.get$lzycompute(EvolutionsModule.scala:53)
	at play.api.db.evolutions.ApplicationEvolutionsProvider.get(EvolutionsModule.scala:53)
	at play.api.db.evolutions.ApplicationEvolutionsProvider.get(EvolutionsModule.scala:44)
	at com.google.inject.internal.ProviderInternalFactory.provision(ProviderInternalFactory.java:81)
	at com.google.inject.internal.BoundProviderFactory.provision(BoundProviderFactory.java:72)
	at com.google.inject.internal.ProviderInternalFactory.circularGet(ProviderInternalFactory.java:61)
	at com.google.inject.internal.BoundProviderFactory.get(BoundProviderFactory.java:62)
	at com.google.inject.internal.ProviderToInternalFactoryAdapter$1.call(ProviderToInternalFactoryAdapter.java:46)
	at com.google.inject.internal.InjectorImpl.callInContext(InjectorImpl.java:1103)
	at com.google.inject.internal.ProviderToInternalFactoryAdapter.get(ProviderToInternalFactoryAdapter.java:40)
	at com.google.inject.internal.SingletonScope$1.get(SingletonScope.java:145)
	at com.google.inject.internal.InternalFactoryToProviderAdapter.get(InternalFactoryToProviderAdapter.java:41)
	at com.google.inject.internal.InternalInjectorCreator$1.call(InternalInjectorCreator.java:205)
	at com.google.inject.internal.InternalInjectorCreator$1.call(InternalInjectorCreator.java:199)
	at com.google.inject.internal.InjectorImpl.callInContext(InjectorImpl.java:1092)
	at com.google.inject.internal.InternalInjectorCreator.loadEagerSingletons(InternalInjectorCreator.java:199)
	at com.google.inject.internal.InternalInjectorCreator.injectDynamically(InternalInjectorCreator.java:180)
	at com.google.inject.internal.InternalInjectorCreator.build(InternalInjectorCreator.java:110)
	at com.google.inject.Guice.createInjector(Guice.java:96)
	at com.google.inject.Guice.createInjector(Guice.java:84)
	at play.api.inject.guice.GuiceBuilder.injector(GuiceInjectorBuilder.scala:181)
	at play.api.inject.guice.GuiceApplicationBuilder.build(GuiceApplicationBuilder.scala:123)
	at play.api.inject.guice.GuiceApplicationLoader.load(GuiceApplicationLoader.scala:21)
	at play.core.server.DevServerStart$$anonfun$mainDev$1$$anon$1$$anonfun$get$1$$anonfun$apply$1$$anonfun$1$$anonfun$2.apply(DevServerStart.scala:158)
	at play.core.server.DevServerStart$$anonfun$mainDev$1$$anon$1$$anonfun$get$1$$anonfun$apply$1$$anonfun$1$$anonfun$2.apply(DevServerStart.scala:155)
	at play.utils.Threads$.withContextClassLoader(Threads.scala:21)
	at play.core.server.DevServerStart$$anonfun$mainDev$1$$anon$1$$anonfun$get$1$$anonfun$apply$1$$anonfun$1.apply(DevServerStart.scala:155)
	at play.core.server.DevServerStart$$anonfun$mainDev$1$$anon$1$$anonfun$get$1$$anonfun$apply$1$$anonfun$1.apply(DevServerStart.scala:126)
	at scala.Option.map(Option.scala:146)
	at play.core.server.DevServerStart$$anonfun$mainDev$1$$anon$1$$anonfun$get$1$$anonfun$apply$1.apply(DevServerStart.scala:126)
	at play.core.server.DevServerStart$$anonfun$mainDev$1$$anon$1$$anonfun$get$1$$anonfun$apply$1.apply(DevServerStart.scala:124)
	at scala.util.Success.flatMap(Try.scala:231)
	at play.core.server.DevServerStart$$anonfun$mainDev$1$$anon$1$$anonfun$get$1.apply(DevServerStart.scala:124)
	at play.core.server.DevServerStart$$anonfun$mainDev$1$$anon$1$$anonfun$get$1.apply(DevServerStart.scala:116)
	at scala.concurrent.impl.Future$PromiseCompletingRunnable.liftedTree1$1(Future.scala:24)
	at scala.concurrent.impl.Future$PromiseCompletingRunnable.run(Future.scala:24)
	at java.util.concurrent.ForkJoinTask$RunnableExecuteAction.exec(ForkJoinTask.java:1402)
	at java.util.concurrent.ForkJoinTask.doExec(ForkJoinTask.java:289)
	at java.util.concurrent.ForkJoinPool$WorkQueue.runTask(ForkJoinPool.java:1056)
	at java.util.concurrent.ForkJoinPool.runWorker(ForkJoinPool.java:1692)
	at java.util.concurrent.ForkJoinWorkerThread.run(ForkJoinWorkerThread.java:157)
2017-07-21 08:36:53,728 [INFO] from application in ForkJoinPool-1-worker-1 - Creating Pool for datasource 'default'
2017-07-21 08:36:53,730 [INFO] from play.api.db.DefaultDBApi in ForkJoinPool-1-worker-1 - Database [default] connected at jdbc:h2:mem:play
2017-07-21 08:36:53,829 [WARN] from com.avaje.ebeaninternal.server.ddl.CreateTableVisitor in ForkJoinPool-1-worker-1 - Column name [day] is a suspected SQL reserved word for property models.Day.day
2017-07-21 08:36:53,829 [WARN] from com.avaje.ebeaninternal.server.ddl.CreateTableVisitor in ForkJoinPool-1-worker-1 - Column name [date] is a suspected SQL reserved word for property models.Reservation.date
2017-07-21 08:37:02,261 [INFO] from play.api.Play in ForkJoinPool-1-worker-1 - Application started (Dev)
2017-07-21 09:31:58,898 [WARN] from com.zaxxer.hikari.pool.HikariPool in Hikari housekeeper (pool HikariPool-1) - HikariPool-1 - Unusual system clock change detected, soft-evicting connections from pool.
2017-07-21 09:32:11,404 [WARN] from com.zaxxer.hikari.pool.HikariPool in Hikari housekeeper (pool HikariPool-0) - HikariPool-0 - Unusual system clock change detected, soft-evicting connections from pool.
2017-07-21 09:33:15,754 [WARN] from com.zaxxer.hikari.pool.HikariPool in Hikari housekeeper (pool HikariPool-0) - HikariPool-0 - Unusual system clock change detected, soft-evicting connections from pool.
2017-07-21 09:33:33,251 [WARN] from com.zaxxer.hikari.pool.HikariPool in Hikari housekeeper (pool HikariPool-1) - HikariPool-1 - Unusual system clock change detected, soft-evicting connections from pool.
2017-07-21 09:44:43,001 [WARN] from com.zaxxer.hikari.pool.HikariPool in Hikari housekeeper (pool HikariPool-0) - HikariPool-0 - Unusual system clock change detected, soft-evicting connections from pool.
2017-07-21 09:44:59,606 [WARN] from com.zaxxer.hikari.pool.HikariPool in Hikari housekeeper (pool HikariPool-1) - HikariPool-1 - Unusual system clock change detected, soft-evicting connections from pool.
2017-07-21 10:05:42,323 [WARN] from com.zaxxer.hikari.pool.HikariPool in Hikari housekeeper (pool HikariPool-0) - HikariPool-0 - Unusual system clock change detected, soft-evicting connections from pool.
2017-07-21 10:05:59,818 [WARN] from com.zaxxer.hikari.pool.HikariPool in Hikari housekeeper (pool HikariPool-1) - HikariPool-1 - Unusual system clock change detected, soft-evicting connections from pool.
2017-07-21 12:02:16,018 [WARN] from com.zaxxer.hikari.pool.HikariPool in Hikari housekeeper (pool HikariPool-0) - HikariPool-0 - Unusual system clock change detected, soft-evicting connections from pool.
2017-07-21 12:56:14,464 [WARN] from com.zaxxer.hikari.pool.HikariPool in Hikari housekeeper (pool HikariPool-1) - HikariPool-1 - Unusual system clock change detected, soft-evicting connections from pool.
2017-07-21 12:56:22,300 [WARN] from com.zaxxer.hikari.pool.HikariPool in Hikari housekeeper (pool HikariPool-0) - HikariPool-0 - Unusual system clock change detected, soft-evicting connections from pool.
2017-07-21 13:50:23,884 [WARN] from com.zaxxer.hikari.pool.HikariPool in Hikari housekeeper (pool HikariPool-0) - HikariPool-0 - Unusual system clock change detected, soft-evicting connections from pool.
2017-07-21 13:50:41,366 [WARN] from com.zaxxer.hikari.pool.HikariPool in Hikari housekeeper (pool HikariPool-1) - HikariPool-1 - Unusual system clock change detected, soft-evicting connections from pool.
2017-07-21 14:44:26,748 [WARN] from com.zaxxer.hikari.pool.HikariPool in Hikari housekeeper (pool HikariPool-0) - HikariPool-0 - Unusual system clock change detected, soft-evicting connections from pool.
2017-07-21 14:44:44,244 [WARN] from com.zaxxer.hikari.pool.HikariPool in Hikari housekeeper (pool HikariPool-1) - HikariPool-1 - Unusual system clock change detected, soft-evicting connections from pool.
2017-07-21 15:38:30,014 [WARN] from com.zaxxer.hikari.pool.HikariPool in Hikari housekeeper (pool HikariPool-0) - HikariPool-0 - Unusual system clock change detected, soft-evicting connections from pool.
2017-07-21 15:38:47,508 [WARN] from com.zaxxer.hikari.pool.HikariPool in Hikari housekeeper (pool HikariPool-1) - HikariPool-1 - Unusual system clock change detected, soft-evicting connections from pool.
2017-07-21 16:32:33,231 [WARN] from com.zaxxer.hikari.pool.HikariPool in Hikari housekeeper (pool HikariPool-0) - HikariPool-0 - Unusual system clock change detected, soft-evicting connections from pool.
2017-07-21 16:32:50,727 [WARN] from com.zaxxer.hikari.pool.HikariPool in Hikari housekeeper (pool HikariPool-1) - HikariPool-1 - Unusual system clock change detected, soft-evicting connections from pool.
2017-07-21 17:26:36,131 [WARN] from com.zaxxer.hikari.pool.HikariPool in Hikari housekeeper (pool HikariPool-0) - HikariPool-0 - Unusual system clock change detected, soft-evicting connections from pool.
2017-07-21 17:26:53,628 [WARN] from com.zaxxer.hikari.pool.HikariPool in Hikari housekeeper (pool HikariPool-1) - HikariPool-1 - Unusual system clock change detected, soft-evicting connections from pool.
2017-07-21 18:20:39,290 [WARN] from com.zaxxer.hikari.pool.HikariPool in Hikari housekeeper (pool HikariPool-0) - HikariPool-0 - Unusual system clock change detected, soft-evicting connections from pool.
2017-07-21 18:20:56,775 [WARN] from com.zaxxer.hikari.pool.HikariPool in Hikari housekeeper (pool HikariPool-1) - HikariPool-1 - Unusual system clock change detected, soft-evicting connections from pool.
2017-07-21 19:14:42,146 [WARN] from com.zaxxer.hikari.pool.HikariPool in Hikari housekeeper (pool HikariPool-0) - HikariPool-0 - Unusual system clock change detected, soft-evicting connections from pool.
2017-07-21 19:14:58,695 [WARN] from com.zaxxer.hikari.pool.HikariPool in Hikari housekeeper (pool HikariPool-1) - HikariPool-1 - Unusual system clock change detected, soft-evicting connections from pool.
2017-07-21 20:08:46,133 [WARN] from com.zaxxer.hikari.pool.HikariPool in Hikari housekeeper (pool HikariPool-0) - HikariPool-0 - Unusual system clock change detected, soft-evicting connections from pool.
2017-07-21 20:09:01,595 [WARN] from com.zaxxer.hikari.pool.HikariPool in Hikari housekeeper (pool HikariPool-1) - HikariPool-1 - Unusual system clock change detected, soft-evicting connections from pool.
2017-07-21 21:02:35,134 [WARN] from com.zaxxer.hikari.pool.HikariPool in Hikari housekeeper (pool HikariPool-0) - HikariPool-0 - Unusual system clock change detected, soft-evicting connections from pool.
2017-07-21 21:02:48,799 [WARN] from com.zaxxer.hikari.pool.HikariPool in Hikari housekeeper (pool HikariPool-1) - HikariPool-1 - Unusual system clock change detected, soft-evicting connections from pool.
2017-07-23 11:11:46,225 [WARN] from com.zaxxer.hikari.pool.HikariPool in Hikari housekeeper (pool HikariPool-0) - HikariPool-0 - Unusual system clock change detected, soft-evicting connections from pool.
2017-07-23 11:11:58,227 [WARN] from com.zaxxer.hikari.pool.HikariPool in Hikari housekeeper (pool HikariPool-1) - HikariPool-1 - Unusual system clock change detected, soft-evicting connections from pool.
2017-07-23 11:12:06,261 [INFO] from application in pool-6-thread-6 - Shutting down connection pool.
